18:57:25 **** Incremental Build of configuration Debug for project pendule_echecs ****
make -j4 all 
arm-none-eabi-gcc "../Core/Src/main.c" -mcpu=cortex-m3 -std=gnu11 -g3 -DDEBUG -DUSE_HAL_DRIVER -DSTM32F103xB -c -I../Core/Inc -I../Drivers/STM32F1xx_HAL_Driver/Inc -I../Drivers/STM32F1xx_HAL_Driver/Inc/Legacy -I../Drivers/CMSIS/Device/ST/STM32F1xx/Include -I../Drivers/CMSIS/Include -O0 -ffunction-sections -fdata-sections -Wall -fstack-usage -MMD -MP -MF"Core/Src/main.d" -MT"Core/Src/main.o" --specs=nano.specs -mfloat-abi=soft -mthumb -o "Core/Src/main.o"
arm-none-eabi-gcc "../Core/Src/screen.c" -mcpu=cortex-m3 -std=gnu11 -g3 -DDEBUG -DUSE_HAL_DRIVER -DSTM32F103xB -c -I../Core/Inc -I../Drivers/STM32F1xx_HAL_Driver/Inc -I../Drivers/STM32F1xx_HAL_Driver/Inc/Legacy -I../Drivers/CMSIS/Device/ST/STM32F1xx/Include -I../Drivers/CMSIS/Include -O0 -ffunction-sections -fdata-sections -Wall -fstack-usage -MMD -MP -MF"Core/Src/screen.d" -MT"Core/Src/screen.o" --specs=nano.specs -mfloat-abi=soft -mthumb -o "Core/Src/screen.o"
In file included from ../Core/Src/screen.c:3:
../Core/Inc/screen.h:3:10: fatal error: lcd16x2.h: No such file or directory
    3 | #include "lcd16x2.h"
      |          ^~~~~~~~~~~
compilation terminated.
In file included from ../Core/Src/main.c:27:
../Core/Inc/screen.h:3:10: fatal error: lcd16x2.h: No such file or directory
    3 | #include "lcd16x2.h"
      |          ^~~~~~~~~~~
compilation terminated.
make: *** [Core/Src/subdir.mk:40: Core/Src/main.o] Error 1
make: *** Waiting for unfinished jobs....
make: *** [Core/Src/subdir.mk:40: Core/Src/screen.o] Error 1
"make -j4 all" terminated with exit code 2. Build might be incomplete.

18:57:25 Build Failed. 5 errors, 0 warnings. (took 401ms)

